2020.11.09 16:48:27 INFO  started: Metals version 0.9.4 in workspace '/home/developer/VSCode/Cpp-programms' for client vscode.
2020.11.09 16:48:32 INFO  time: initialize in 4.51s
2020.11.09 16:48:34 WARN  no build tool detected in workspace '/home/developer/VSCode/Cpp-programms'. The most common cause for this problem is that the editor was opened in the wrong working directory, for example if you use sbt then the workspace directory should contain build.sbt. 
2020.11.09 17:37:43 INFO  shutting down Metals
2020.11.16 21:44:59 INFO  started: Metals version 0.9.4 in workspace '/home/developer/VSCode/Cpp-programms' for client vscode.
2020.11.16 21:45:06 INFO  time: initialize in 7.35s
2020.11.16 21:45:08 WARN  no build tool detected in workspace '/home/developer/VSCode/Cpp-programms'. The most common cause for this problem is that the editor was opened in the wrong working directory, for example if you use sbt then the workspace directory should contain build.sbt. 
Nov 16, 2020 9:50:00 PM org.eclipse.lsp4j.jsonrpc.services.GenericEndpoint notify
INFO: Unsupported notification method: $/setTraceNotification
Nov 16, 2020 9:52:19 PM org.eclipse.lsp4j.jsonrpc.services.GenericEndpoint notify
INFO: Unsupported notification method: $/setTraceNotification
2020.11.16 21:58:36 INFO  shutting down Metals
2020.11.23 15:38:12 INFO  Started: Metals version 0.9.6 in workspace '/home/developer/VSCode/Cpp-programms' for client vscode.
2020.11.23 15:38:19 INFO  time: initialize in 7.69s
2020.11.23 15:38:21 WARN  Build server is not auto-connectable.
2020.11.23 15:38:21 WARN  no build tool detected in workspace '/home/developer/VSCode/Cpp-programms'. The most common cause for this problem is that the editor was opened in the wrong working directory, for example if you use sbt then the workspace directory should contain build.sbt. 
2020.11.25 09:58:14 INFO  Started: Metals version 0.9.6 in workspace '/home/developer/VSCode/Cpp-programms' for client vscode.
2020.11.25 09:58:20 INFO  time: initialize in 5.86s
2020.11.25 09:58:22 WARN  Build server is not auto-connectable.
2020.11.25 09:58:22 WARN  no build tool detected in workspace '/home/developer/VSCode/Cpp-programms'. The most common cause for this problem is that the editor was opened in the wrong working directory, for example if you use sbt then the workspace directory should contain build.sbt. 
Nov 25, 2020 9:58:45 AM org.eclipse.lsp4j.jsonrpc.services.GenericEndpoint notify
INFO: Unsupported notification method: $/setTraceNotification
2020.11.25 11:02:53 INFO  shutting down Metals
2020.12.02 09:55:26 INFO  Started: Metals version 0.9.7 in workspace '/home/developer/VSCode/Cpp-programms' for client vscode.
2020.12.02 09:55:35 INFO  time: initialize in 8.34s
2020.12.02 09:55:38 WARN  Build server is not auto-connectable.
2020.12.02 09:55:38 WARN  no build tool detected in workspace '/home/developer/VSCode/Cpp-programms'. The most common cause for this problem is that the editor was opened in the wrong working directory, for example if you use sbt then the workspace directory should contain build.sbt. 
Dec 02, 2020 10:30:28 AM org.eclipse.lsp4j.jsonrpc.services.GenericEndpoint notify
INFO: Unsupported notification method: $/setTraceNotification
2020.12.02 10:58:04 INFO  shutting down Metals
2020.12.02 12:44:08 INFO  Started: Metals version 0.9.7 in workspace '/home/developer/VSCode/Cpp-programms' for client vscode.
2020.12.02 12:44:18 INFO  time: initialize in 10s
2020.12.02 12:44:21 WARN  Build server is not auto-connectable.
2020.12.02 12:44:21 WARN  no build tool detected in workspace '/home/developer/VSCode/Cpp-programms'. The most common cause for this problem is that the editor was opened in the wrong working directory, for example if you use sbt then the workspace directory should contain build.sbt. 
Dec 02, 2020 12:44:22 PM org.eclipse.lsp4j.jsonrpc.services.GenericEndpoint notify
INFO: Unsupported notification method: $/setTraceNotification
2020.12.02 13:23:14 INFO  shutting down Metals
2020.12.02 16:22:45 INFO  Started: Metals version 0.9.7 in workspace '/home/developer/VSCode/Cpp-programms' for client vscode.
2020.12.02 16:22:52 INFO  time: initialize in 7.31s
2020.12.02 16:22:55 WARN  Build server is not auto-connectable.
2020.12.02 16:22:55 WARN  no build tool detected in workspace '/home/developer/VSCode/Cpp-programms'. The most common cause for this problem is that the editor was opened in the wrong working directory, for example if you use sbt then the workspace directory should contain build.sbt. 
Dec 02, 2020 5:55:23 PM org.eclipse.lsp4j.jsonrpc.services.GenericEndpoint notify
INFO: Unsupported notification method: $/setTraceNotification
2020.12.02 17:55:45 INFO  shutting down Metals
2020.12.03 15:04:54 INFO  Started: Metals version 0.9.7 in workspace '/home/developer/VSCode/Cpp-programms' for client vscode.
2020.12.03 15:05:01 INFO  time: initialize in 7.18s
2020.12.03 15:05:03 WARN  Build server is not auto-connectable.
2020.12.03 15:05:03 WARN  no build tool detected in workspace '/home/developer/VSCode/Cpp-programms'. The most common cause for this problem is that the editor was opened in the wrong working directory, for example if you use sbt then the workspace directory should contain build.sbt. 
2020.12.03 15:13:21 INFO  shutting down Metals
2020.12.04 11:17:59 INFO  Started: Metals version 0.9.7 in workspace '/home/developer/VSCode/Cpp-programms' for client vscode.
2020.12.04 11:18:05 INFO  time: initialize in 6.76s
2020.12.04 11:18:07 WARN  Build server is not auto-connectable.
2020.12.04 11:18:07 WARN  no build tool detected in workspace '/home/developer/VSCode/Cpp-programms'. The most common cause for this problem is that the editor was opened in the wrong working directory, for example if you use sbt then the workspace directory should contain build.sbt. 
Dec 04, 2020 3:03:26 PM org.eclipse.lsp4j.jsonrpc.services.GenericEndpoint notify
INFO: Unsupported notification method: $/setTraceNotification
2020.12.04 17:09:07 INFO  shutting down Metals
2020.12.10 10:49:11 INFO  Started: Metals version 0.9.7 in workspace '/home/developer/VSCode/Cpp-programms' for client vscode.
2020.12.10 10:49:19 INFO  time: initialize in 7.12s
2020.12.10 10:49:21 WARN  Build server is not auto-connectable.
2020.12.10 10:49:21 WARN  no build tool detected in workspace '/home/developer/VSCode/Cpp-programms'. The most common cause for this problem is that the editor was opened in the wrong working directory, for example if you use sbt then the workspace directory should contain build.sbt. 
Dec 10, 2020 12:11:37 PM org.eclipse.lsp4j.jsonrpc.services.GenericEndpoint notify
INFO: Unsupported notification method: $/setTraceNotification
2020.12.10 12:12:03 INFO  shutting down Metals
2020.12.10 18:35:31 INFO  Started: Metals version 0.9.7 in workspace '/home/developer/VSCode/Cpp-programms' for client vscode.
2020.12.10 18:35:37 INFO  time: initialize in 5.52s
2020.12.10 18:35:39 WARN  Build server is not auto-connectable.
2020.12.10 18:35:39 WARN  no build tool detected in workspace '/home/developer/VSCode/Cpp-programms'. The most common cause for this problem is that the editor was opened in the wrong working directory, for example if you use sbt then the workspace directory should contain build.sbt. 
Dec 10, 2020 7:36:42 PM org.eclipse.lsp4j.jsonrpc.services.GenericEndpoint notify
INFO: Unsupported notification method: $/setTraceNotification
2020.12.10 21:02:24 INFO  shutting down Metals
2020.12.10 23:34:39 INFO  Started: Metals version 0.9.7 in workspace '/home/developer/VSCode/Cpp-programms' for client vscode.
2020.12.10 23:34:47 INFO  time: initialize in 7.21s
2020.12.10 23:34:49 WARN  Build server is not auto-connectable.
2020.12.10 23:34:49 WARN  no build tool detected in workspace '/home/developer/VSCode/Cpp-programms'. The most common cause for this problem is that the editor was opened in the wrong working directory, for example if you use sbt then the workspace directory should contain build.sbt. 
Dec 11, 2020 12:02:16 AM org.eclipse.lsp4j.jsonrpc.services.GenericEndpoint notify
INFO: Unsupported notification method: $/setTraceNotification
2020.12.11 00:04:03 INFO  shutting down Metals
2020.12.11 19:56:18 INFO  Started: Metals version 0.9.7 in workspace '/home/developer/VSCode/Cpp-programms' for client vscode.
2020.12.11 19:56:25 INFO  time: initialize in 6.69s
2020.12.11 19:56:27 WARN  Build server is not auto-connectable.
2020.12.11 19:56:27 WARN  no build tool detected in workspace '/home/developer/VSCode/Cpp-programms'. The most common cause for this problem is that the editor was opened in the wrong working directory, for example if you use sbt then the workspace directory should contain build.sbt. 
Dec 11, 2020 9:35:42 PM org.eclipse.lsp4j.jsonrpc.services.GenericEndpoint notify
INFO: Unsupported notification method: $/setTraceNotification
2020.12.11 21:36:41 INFO  shutting down Metals
2020.12.12 21:25:05 INFO  Started: Metals version 0.9.7 in workspace '/home/developer/VSCode/Cpp-programms' for client vscode.
2020.12.12 21:25:11 INFO  time: initialize in 7s
2020.12.12 21:25:14 WARN  Build server is not auto-connectable.
2020.12.12 21:25:14 WARN  no build tool detected in workspace '/home/developer/VSCode/Cpp-programms'. The most common cause for this problem is that the editor was opened in the wrong working directory, for example if you use sbt then the workspace directory should contain build.sbt. 
2020.12.12 21:26:55 INFO  shutting down Metals
